<?xml version="1.0" encoding="UTF-8"?>
<trace:TraceModel
    xmi:version="2.0"
    xmlns:xmi="http://www.omg.org/XMI"
    xmlns:trace="http://www.eclipse.org/gmf/2006/Trace">
  <nodeTraces
      visualID="2025"
      queryText="(let _eClass_:ecore::EClass = modelFacet.metaClass.ecoreClass in _eClass_.ePackage.nsURI = 'http://www.project.ase.polimi.it/pipeline' and _eClass_.name = 'CollectionTask') and (let _containmentMF_:ecore::EStructuralFeature = modelFacet.containmentMetaFeature.ecoreFeature in (let _eClass_:ecore::EClass = _containmentMF_.eContainingClass in _eClass_.ePackage.nsURI = 'http://www.project.ase.polimi.it/pipeline' and _eClass_.name = 'Pipeline') and _containmentMF_.name = 'tasks')">
    <nodeLabelTraces
        visualID="5058"
        queryText="true"/>
    <compartmentTraces
        visualID="7017"
        queryText="true"/>
  </nodeTraces>
  <nodeTraces
      visualID="2026"
      queryText="(let _eClass_:ecore::EClass = modelFacet.metaClass.ecoreClass in _eClass_.ePackage.nsURI = 'http://www.project.ase.polimi.it/pipeline' and _eClass_.name = 'IntegrationTask') and (let _containmentMF_:ecore::EStructuralFeature = modelFacet.containmentMetaFeature.ecoreFeature in (let _eClass_:ecore::EClass = _containmentMF_.eContainingClass in _eClass_.ePackage.nsURI = 'http://www.project.ase.polimi.it/pipeline' and _eClass_.name = 'Pipeline') and _containmentMF_.name = 'tasks')">
    <nodeLabelTraces
        visualID="5059"
        queryText="true"/>
  </nodeTraces>
  <nodeTraces
      visualID="2027"
      queryText="(let _eClass_:ecore::EClass = modelFacet.metaClass.ecoreClass in _eClass_.ePackage.nsURI = 'http://www.project.ase.polimi.it/pipeline' and _eClass_.name = 'CleaningTask') and (let _containmentMF_:ecore::EStructuralFeature = modelFacet.containmentMetaFeature.ecoreFeature in (let _eClass_:ecore::EClass = _containmentMF_.eContainingClass in _eClass_.ePackage.nsURI = 'http://www.project.ase.polimi.it/pipeline' and _eClass_.name = 'Pipeline') and _containmentMF_.name = 'tasks')">
    <nodeLabelTraces
        visualID="5062"
        queryText="true"/>
    <compartmentTraces
        visualID="7018"
        queryText="true"/>
  </nodeTraces>
  <nodeTraces
      visualID="2028"
      queryText="(let _eClass_:ecore::EClass = modelFacet.metaClass.ecoreClass in _eClass_.ePackage.nsURI = 'http://www.project.ase.polimi.it/pipeline' and _eClass_.name = 'AnalyzesTask') and (let _containmentMF_:ecore::EStructuralFeature = modelFacet.containmentMetaFeature.ecoreFeature in (let _eClass_:ecore::EClass = _containmentMF_.eContainingClass in _eClass_.ePackage.nsURI = 'http://www.project.ase.polimi.it/pipeline' and _eClass_.name = 'Pipeline') and _containmentMF_.name = 'tasks')">
    <nodeLabelTraces
        visualID="5067"
        queryText="true"/>
    <compartmentTraces
        visualID="7019"
        queryText="true"/>
  </nodeTraces>
  <nodeTraces
      visualID="2029"
      queryText="(let _eClass_:ecore::EClass = modelFacet.metaClass.ecoreClass in _eClass_.ePackage.nsURI = 'http://www.project.ase.polimi.it/pipeline' and _eClass_.name = 'VisualizationTask') and (let _containmentMF_:ecore::EStructuralFeature = modelFacet.containmentMetaFeature.ecoreFeature in (let _eClass_:ecore::EClass = _containmentMF_.eContainingClass in _eClass_.ePackage.nsURI = 'http://www.project.ase.polimi.it/pipeline' and _eClass_.name = 'Pipeline') and _containmentMF_.name = 'tasks')">
    <nodeLabelTraces
        visualID="5068"
        queryText="true"/>
  </nodeTraces>
  <nodeTraces
      visualID="2030"
      queryText="(let _eClass_:ecore::EClass = modelFacet.metaClass.ecoreClass in _eClass_.ePackage.nsURI = 'http://www.project.ase.polimi.it/pipeline' and _eClass_.name = 'ExportingTask') and (let _containmentMF_:ecore::EStructuralFeature = modelFacet.containmentMetaFeature.ecoreFeature in (let _eClass_:ecore::EClass = _containmentMF_.eContainingClass in _eClass_.ePackage.nsURI = 'http://www.project.ase.polimi.it/pipeline' and _eClass_.name = 'Pipeline') and _containmentMF_.name = 'tasks')">
    <nodeLabelTraces
        visualID="5070"
        queryText="true"/>
    <compartmentTraces
        visualID="7020"
        queryText="true"/>
  </nodeTraces>
  <childNodeTraces
      visualID="3025"
      queryText="(let _eClass_:ecore::EClass = modelFacet.metaClass.ecoreClass in _eClass_.ePackage.nsURI = 'http://www.project.ase.polimi.it/pipeline' and _eClass_.name = 'Import') and (let _containmentMF_:ecore::EStructuralFeature = modelFacet.containmentMetaFeature.ecoreFeature in (let _eClass_:ecore::EClass = _containmentMF_.eContainingClass in _eClass_.ePackage.nsURI = 'http://www.project.ase.polimi.it/pipeline' and _eClass_.name = 'CollectionTask') and _containmentMF_.name = 'imports')">
    <nodeLabelTraces
        visualID="5057"
        queryText="true"/>
  </childNodeTraces>
  <childNodeTraces
      visualID="3026"
      queryText="(let _eClass_:ecore::EClass = modelFacet.metaClass.ecoreClass in _eClass_.ePackage.nsURI = 'http://www.project.ase.polimi.it/pipeline' and _eClass_.name = 'UserDefined') and (let _containmentMF_:ecore::EStructuralFeature = modelFacet.containmentMetaFeature.ecoreFeature in (let _eClass_:ecore::EClass = _containmentMF_.eContainingClass in _eClass_.ePackage.nsURI = 'http://www.project.ase.polimi.it/pipeline' and _eClass_.name = 'CleaningTask') and _containmentMF_.name = 'operations')">
    <nodeLabelTraces
        visualID="5060"
        queryText="true"/>
  </childNodeTraces>
  <childNodeTraces
      visualID="3027"
      queryText="(let _eClass_:ecore::EClass = modelFacet.metaClass.ecoreClass in _eClass_.ePackage.nsURI = 'http://www.project.ase.polimi.it/pipeline' and _eClass_.name = 'Predefined') and (let _containmentMF_:ecore::EStructuralFeature = modelFacet.containmentMetaFeature.ecoreFeature in (let _eClass_:ecore::EClass = _containmentMF_.eContainingClass in _eClass_.ePackage.nsURI = 'http://www.project.ase.polimi.it/pipeline' and _eClass_.name = 'CleaningTask') and _containmentMF_.name = 'operations')">
    <nodeLabelTraces
        visualID="5061"
        queryText="true"/>
  </childNodeTraces>
  <childNodeTraces
      visualID="3028"
      queryText="(let _eClass_:ecore::EClass = modelFacet.metaClass.ecoreClass in _eClass_.ePackage.nsURI = 'http://www.project.ase.polimi.it/pipeline' and _eClass_.name = 'Descriptive') and (let _containmentMF_:ecore::EStructuralFeature = modelFacet.containmentMetaFeature.ecoreFeature in (let _eClass_:ecore::EClass = _containmentMF_.eContainingClass in _eClass_.ePackage.nsURI = 'http://www.project.ase.polimi.it/pipeline' and _eClass_.name = 'AnalyzesTask') and _containmentMF_.name = 'analyzes')">
    <nodeLabelTraces
        visualID="5063"
        queryText="true"/>
  </childNodeTraces>
  <childNodeTraces
      visualID="3029"
      queryText="(let _eClass_:ecore::EClass = modelFacet.metaClass.ecoreClass in _eClass_.ePackage.nsURI = 'http://www.project.ase.polimi.it/pipeline' and _eClass_.name = 'Classification') and (let _containmentMF_:ecore::EStructuralFeature = modelFacet.containmentMetaFeature.ecoreFeature in (let _eClass_:ecore::EClass = _containmentMF_.eContainingClass in _eClass_.ePackage.nsURI = 'http://www.project.ase.polimi.it/pipeline' and _eClass_.name = 'AnalyzesTask') and _containmentMF_.name = 'analyzes')">
    <nodeLabelTraces
        visualID="5064"
        queryText="true"/>
  </childNodeTraces>
  <childNodeTraces
      visualID="3030"
      queryText="(let _eClass_:ecore::EClass = modelFacet.metaClass.ecoreClass in _eClass_.ePackage.nsURI = 'http://www.project.ase.polimi.it/pipeline' and _eClass_.name = 'Predictive') and (let _containmentMF_:ecore::EStructuralFeature = modelFacet.containmentMetaFeature.ecoreFeature in (let _eClass_:ecore::EClass = _containmentMF_.eContainingClass in _eClass_.ePackage.nsURI = 'http://www.project.ase.polimi.it/pipeline' and _eClass_.name = 'AnalyzesTask') and _containmentMF_.name = 'analyzes')">
    <nodeLabelTraces
        visualID="5065"
        queryText="true"/>
  </childNodeTraces>
  <childNodeTraces
      visualID="3031"
      queryText="(let _eClass_:ecore::EClass = modelFacet.metaClass.ecoreClass in _eClass_.ePackage.nsURI = 'http://www.project.ase.polimi.it/pipeline' and _eClass_.name = 'Clustering') and (let _containmentMF_:ecore::EStructuralFeature = modelFacet.containmentMetaFeature.ecoreFeature in (let _eClass_:ecore::EClass = _containmentMF_.eContainingClass in _eClass_.ePackage.nsURI = 'http://www.project.ase.polimi.it/pipeline' and _eClass_.name = 'AnalyzesTask') and _containmentMF_.name = 'analyzes')">
    <nodeLabelTraces
        visualID="5066"
        queryText="true"/>
  </childNodeTraces>
  <childNodeTraces
      visualID="3032"
      queryText="(let _eClass_:ecore::EClass = modelFacet.metaClass.ecoreClass in _eClass_.ePackage.nsURI = 'http://www.project.ase.polimi.it/pipeline' and _eClass_.name = 'Export') and (let _containmentMF_:ecore::EStructuralFeature = modelFacet.containmentMetaFeature.ecoreFeature in (let _eClass_:ecore::EClass = _containmentMF_.eContainingClass in _eClass_.ePackage.nsURI = 'http://www.project.ase.polimi.it/pipeline' and _eClass_.name = 'ExportingTask') and _containmentMF_.name = 'exports')">
    <nodeLabelTraces
        visualID="5069"
        queryText="true"/>
  </childNodeTraces>
  <linkTraces
      visualID="4004"
      queryText="modelFacet.oclIsKindOf(gmfgen::TypeLinkModelFacet) and (let _eClass_:ecore::EClass = modelFacet.oclAsType(gmfgen::TypeLinkModelFacet).metaClass.ecoreClass in _eClass_.ePackage.nsURI = 'http://www.project.ase.polimi.it/pipeline' and _eClass_.name = 'Dataflow')"/>
</trace:TraceModel>
